<?xml version="1.0" encoding="UTF-8"?>
<testng-results skipped="0" failed="0" total="1" passed="1">
  <reporter-output>
    <line>
      <![CDATA[https://www.booktopia.com.au/]]>
    </line>
    <line>
      <![CDATA[Mouse hover Children Tab ... ]]>
    </line>
    <line>
      <![CDATA[File Opened .... ]]>
    </line>
    <line>
      <![CDATA[Searching a book... ]]>
    </line>
    <line>
      <![CDATA[Mouse hover Children Tab ... ]]>
    </line>
    <line>
      <![CDATA[File Opened .... ]]>
    </line>
    <line>
      <![CDATA[Searching a book... ]]>
    </line>
  </reporter-output>
  <suite name="Default suite" duration-ms="27712" started-at="2019-09-06T12:40:31Z" finished-at="2019-09-06T12:40:59Z">
    <groups>
    </groups>
    <test name="Default test" duration-ms="27712" started-at="2019-09-06T12:40:31Z" finished-at="2019-09-06T12:40:59Z">
      <class name="com.booktopia.tests.BooktopiaTests">
        <test-method status="PASS" signature="setBrowserProperties()[pri:0, instance:com.booktopia.tests.BooktopiaTests@66a3ffec]" name="setBrowserProperties" is-config="true" duration-ms="15" started-at="2019-09-06T22:40:31Z" finished-at="2019-09-06T22:40:31Z">
          <reporter-output>
          </reporter-output>
        </test-method> <!-- setBrowserProperties -->
        <test-method status="PASS" signature="launchBrowser()[pri:0, instance:com.booktopia.tests.BooktopiaTests@66a3ffec]" name="launchBrowser" is-config="true" duration-ms="4360" started-at="2019-09-06T22:40:31Z" finished-at="2019-09-06T22:40:35Z">
          <reporter-output>
          </reporter-output>
        </test-method> <!-- launchBrowser -->
        <test-method status="PASS" signature="BooktopiaHome()[pri:0, instance:com.booktopia.tests.BooktopiaTests@66a3ffec]" name="BooktopiaHome" duration-ms="23332" started-at="2019-09-06T22:40:35Z" finished-at="2019-09-06T22:40:59Z">
          <reporter-output>
            <line>
              <![CDATA[https://www.booktopia.com.au/]]>
            </line>
            <line>
              <![CDATA[Mouse hover Children Tab ... ]]>
            </line>
            <line>
              <![CDATA[File Opened .... ]]>
            </line>
            <line>
              <![CDATA[Searching a book... ]]>
            </line>
            <line>
              <![CDATA[Mouse hover Children Tab ... ]]>
            </line>
            <line>
              <![CDATA[File Opened .... ]]>
            </line>
            <line>
              <![CDATA[Searching a book... ]]>
            </line>
          </reporter-output>
        </test-method> <!-- BooktopiaHome -->
      </class> <!-- com.booktopia.tests.BooktopiaTests -->
    </test> <!-- Default test -->
  </suite> <!-- Default suite -->
</testng-results>
